<?xml version="1.0" encoding="UTF-8"?>
<testsuite name="pl.stqa.pft.addressbook.tests.GroupCreationTests" tests="3" skipped="0" failures="0" errors="0" timestamp="2019-07-11T15:08:20" hostname="Damian-Komputer" time="27.812">
  <properties/>
  <testcase name="testGroupCreation[0](GroupData{id='2147483647', name='test 0'})" classname="pl.stqa.pft.addressbook.tests.GroupCreationTests" time="2.44"/>
  <testcase name="testGroupCreation[1](GroupData{id='2147483647', name='test 1'})" classname="pl.stqa.pft.addressbook.tests.GroupCreationTests" time="2.462"/>
  <testcase name="testGroupCreation[2](GroupData{id='2147483647', name='test 2'})" classname="pl.stqa.pft.addressbook.tests.GroupCreationTests" time="2.274"/>
  <system-out><![CDATA[]]></system-out>
  <system-err><![CDATA[Starting ChromeDriver 75.0.3770.90 (a6dcaf7e3ec6f70a194cc25e8149475c6590e025-refs/branch-heads/3770@{#1003}) on port 8836
Only local connections are allowed.
Please protect ports used by ChromeDriver and related test frameworks to prevent access by malicious code.
lip 11, 2019 5:08:16 PM org.openqa.selenium.remote.ProtocolHandshake createSession
INFO: Detected dialect: W3C
Starting ChromeDriver 75.0.3770.90 (a6dcaf7e3ec6f70a194cc25e8149475c6590e025-refs/branch-heads/3770@{#1003}) on port 20126
Only local connections are allowed.
Please protect ports used by ChromeDriver and related test frameworks to prevent access by malicious code.
lip 11, 2019 5:08:29 PM org.openqa.selenium.remote.ProtocolHandshake createSession
INFO: Detected dialect: W3C
Starting ChromeDriver 75.0.3770.90 (a6dcaf7e3ec6f70a194cc25e8149475c6590e025-refs/branch-heads/3770@{#1003}) on port 41058
Only local connections are allowed.
Please protect ports used by ChromeDriver and related test frameworks to prevent access by malicious code.
lip 11, 2019 5:08:43 PM org.openqa.selenium.remote.ProtocolHandshake createSession
INFO: Detected dialect: W3C
]]></system-err>
</testsuite>
