<?xml version="1.0" encoding="UTF-8"?>
<testsuite name="pl.stqa.pft.addressbook.tests.ContactCreationTests" tests="3" skipped="0" failures="0" errors="0" timestamp="2019-07-11T15:09:14" hostname="Damian-Komputer" time="31.015">
  <properties/>
  <testcase name="testAddingContact[0](ContactData{id='2147483647', firstname='Jara0', lastname='Kowal0'})" classname="pl.stqa.pft.addressbook.tests.ContactCreationTests" time="5.997"/>
  <testcase name="testAddingContact[1](ContactData{id='2147483647', firstname='Jara1', lastname='Kowal1'})" classname="pl.stqa.pft.addressbook.tests.ContactCreationTests" time="6.398"/>
  <testcase name="testAddingContact[2](ContactData{id='2147483647', firstname='Jara2', lastname='Kowal2'})" classname="pl.stqa.pft.addressbook.tests.ContactCreationTests" time="6.436"/>
  <system-out><![CDATA[]]></system-out>
  <system-err><![CDATA[Starting ChromeDriver 75.0.3770.90 (a6dcaf7e3ec6f70a194cc25e8149475c6590e025-refs/branch-heads/3770@{#1003}) on port 38321
Only local connections are allowed.
Please protect ports used by ChromeDriver and related test frameworks to prevent access by malicious code.
lip 11, 2019 5:09:12 PM org.openqa.selenium.remote.ProtocolHandshake createSession
INFO: Detected dialect: W3C
Starting ChromeDriver 75.0.3770.90 (a6dcaf7e3ec6f70a194cc25e8149475c6590e025-refs/branch-heads/3770@{#1003}) on port 30052
Only local connections are allowed.
Please protect ports used by ChromeDriver and related test frameworks to prevent access by malicious code.
lip 11, 2019 5:09:24 PM org.openqa.selenium.remote.ProtocolHandshake createSession
INFO: Detected dialect: W3C
Starting ChromeDriver 75.0.3770.90 (a6dcaf7e3ec6f70a194cc25e8149475c6590e025-refs/branch-heads/3770@{#1003}) on port 33869
Only local connections are allowed.
Please protect ports used by ChromeDriver and related test frameworks to prevent access by malicious code.
lip 11, 2019 5:09:36 PM org.openqa.selenium.remote.ProtocolHandshake createSession
INFO: Detected dialect: W3C
]]></system-err>
</testsuite>
